#! /opt/homebrew/Cellar/icarus-verilog/12.0/bin/vvp
:ivl_version "12.0 (stable)";
:ivl_delay_selection "TYPICAL";
:vpi_time_precision - 12;
:vpi_module "/opt/homebrew/Cellar/icarus-verilog/12.0/lib/ivl/system.vpi";
:vpi_module "/opt/homebrew/Cellar/icarus-verilog/12.0/lib/ivl/vhdl_sys.vpi";
:vpi_module "/opt/homebrew/Cellar/icarus-verilog/12.0/lib/ivl/vhdl_textio.vpi";
:vpi_module "/opt/homebrew/Cellar/icarus-verilog/12.0/lib/ivl/v2005_math.vpi";
:vpi_module "/opt/homebrew/Cellar/icarus-verilog/12.0/lib/ivl/va_math.vpi";
S_0x146904080 .scope module, "tb_booth_radix4" "tb_booth_radix4" 2 3;
 .timescale -9 -12;
P_0x60000171c100 .param/l "NUM_TESTS" 1 2 28, +C4<00000000000000000000000000000101>;
v0x600003018990_0 .var/s "M", 7 0;
v0x600003018a20_0 .net/s "P", 15 0, v0x600003018240_0;  1 drivers
v0x600003018ab0_0 .var/s "Q_in", 7 0;
v0x600003018b40_0 .var "clk", 0 0;
v0x600003018bd0_0 .var/i "i", 31 0;
v0x600003018c60_0 .net "ready", 0 0, v0x600003018750_0;  1 drivers
v0x600003018cf0_0 .var "rst_n", 0 0;
v0x600003018d80_0 .var "start", 0 0;
v0x600003018e10 .array/s "test_M", 4 0, 7 0;
v0x600003018ea0 .array/s "test_Q", 4 0, 7 0;
E_0x60000171c180 .event anyedge, v0x600003018750_0;
E_0x60000171c1c0 .event posedge, v0x600003018630_0;
S_0x1469041f0 .scope module, "dut" "booth_radix4" 2 13, 3 1 0, S_0x146904080;
 .timescale 0 0;
    .port_info 0 /INPUT 1 "clk";
    .port_info 1 /INPUT 1 "rst_n";
    .port_info 2 /INPUT 1 "start";
    .port_info 3 /INPUT 8 "M";
    .port_info 4 /INPUT 8 "Q_in";
    .port_info 5 /OUTPUT 1 "ready";
    .port_info 6 /OUTPUT 16 "P";
P_0x600003710000 .param/l "DONE" 1 3 17, C4<10>;
P_0x600003710040 .param/l "EXEC" 1 3 17, C4<01>;
P_0x600003710080 .param/l "IDLE" 1 3 17, C4<00>;
v0x600003018000_0 .var/s "A", 8 0;
v0x600003018090_0 .net/s "M", 7 0, v0x600003018990_0;  1 drivers
v0x600003018120_0 .net/s "M1", 8 0, L_0x60000331c0a0;  1 drivers
v0x6000030181b0_0 .net/s "M2", 8 0, L_0x60000331c1e0;  1 drivers
v0x600003018240_0 .var/s "P", 15 0;
v0x6000030182d0_0 .var/s "Q", 7 0;
v0x600003018360_0 .net/s "Q_in", 7 0, v0x600003018ab0_0;  1 drivers
v0x6000030183f0_0 .var "Qm1", 0 0;
v0x600003018480_0 .net *"_ivl_1", 0 0, L_0x60000331c000;  1 drivers
v0x600003018510_0 .net *"_ivl_6", 7 0, L_0x60000331c140;  1 drivers
L_0x138040010 .functor BUFT 1, C4<0>, C4<0>, C4<0>, C4<0>;
v0x6000030185a0_0 .net *"_ivl_8", 0 0, L_0x138040010;  1 drivers
v0x600003018630_0 .net "clk", 0 0, v0x600003018b40_0;  1 drivers
v0x6000030186c0_0 .var "cnt", 2 0;
v0x600003018750_0 .var "ready", 0 0;
v0x6000030187e0_0 .net "rst_n", 0 0, v0x600003018cf0_0;  1 drivers
v0x600003018870_0 .net "start", 0 0, v0x600003018d80_0;  1 drivers
v0x600003018900_0 .var "state", 1 0;
E_0x60000171c300/0 .event negedge, v0x6000030187e0_0;
E_0x60000171c300/1 .event posedge, v0x600003018630_0;
E_0x60000171c300 .event/or E_0x60000171c300/0, E_0x60000171c300/1;
L_0x60000331c000 .part v0x600003018990_0, 7, 1;
L_0x60000331c0a0 .concat [ 8 1 0 0], v0x600003018990_0, L_0x60000331c000;
L_0x60000331c140 .part L_0x60000331c0a0, 0, 8;
L_0x60000331c1e0 .concat [ 1 8 0 0], L_0x138040010, L_0x60000331c140;
    .scope S_0x1469041f0;
T_0 ;
    %wait E_0x60000171c300;
    %load/vec4 v0x6000030187e0_0;
    %nor/r;
    %flag_set/vec4 8;
    %jmp/0xz  T_0.0, 8;
    %pushi/vec4 0, 0, 2;
    %assign/vec4 v0x600003018900_0, 0;
    %pushi/vec4 0, 0, 1;
    %assign/vec4 v0x600003018750_0, 0;
    %pushi/vec4 0, 0, 9;
    %assign/vec4 v0x600003018000_0, 0;
    %pushi/vec4 0, 0, 8;
    %assign/vec4 v0x6000030182d0_0, 0;
    %pushi/vec4 0, 0, 1;
    %assign/vec4 v0x6000030183f0_0, 0;
    %pushi/vec4 0, 0, 3;
    %assign/vec4 v0x6000030186c0_0, 0;
    %pushi/vec4 0, 0, 16;
    %assign/vec4 v0x600003018240_0, 0;
    %jmp T_0.1;
T_0.0 ;
    %load/vec4 v0x600003018900_0;
    %dup/vec4;
    %pushi/vec4 0, 0, 2;
    %cmp/u;
    %jmp/1 T_0.2, 6;
    %dup/vec4;
    %pushi/vec4 1, 0, 2;
    %cmp/u;
    %jmp/1 T_0.3, 6;
    %dup/vec4;
    %pushi/vec4 2, 0, 2;
    %cmp/u;
    %jmp/1 T_0.4, 6;
    %jmp T_0.5;
T_0.2 ;
    %pushi/vec4 0, 0, 1;
    %assign/vec4 v0x600003018750_0, 0;
    %load/vec4 v0x600003018870_0;
    %flag_set/vec4 8;
    %jmp/0xz  T_0.6, 8;
    %pushi/vec4 0, 0, 9;
    %assign/vec4 v0x600003018000_0, 0;
    %load/vec4 v0x600003018360_0;
    %assign/vec4 v0x6000030182d0_0, 0;
    %pushi/vec4 0, 0, 1;
    %assign/vec4 v0x6000030183f0_0, 0;
    %pushi/vec4 4, 0, 3;
    %assign/vec4 v0x6000030186c0_0, 0;
    %pushi/vec4 1, 0, 2;
    %assign/vec4 v0x600003018900_0, 0;
T_0.6 ;
    %jmp T_0.5;
T_0.3 ;
    %load/vec4 v0x6000030182d0_0;
    %parti/s 1, 1, 2;
    %load/vec4 v0x6000030182d0_0;
    %parti/s 1, 0, 2;
    %concat/vec4; draw_concat_vec4
    %load/vec4 v0x6000030183f0_0;
    %concat/vec4; draw_concat_vec4
    %dup/vec4;
    %pushi/vec4 1, 0, 3;
    %cmp/u;
    %jmp/1 T_0.8, 6;
    %dup/vec4;
    %pushi/vec4 2, 0, 3;
    %cmp/u;
    %jmp/1 T_0.9, 6;
    %dup/vec4;
    %pushi/vec4 3, 0, 3;
    %cmp/u;
    %jmp/1 T_0.10, 6;
    %dup/vec4;
    %pushi/vec4 5, 0, 3;
    %cmp/u;
    %jmp/1 T_0.11, 6;
    %dup/vec4;
    %pushi/vec4 6, 0, 3;
    %cmp/u;
    %jmp/1 T_0.12, 6;
    %dup/vec4;
    %pushi/vec4 4, 0, 3;
    %cmp/u;
    %jmp/1 T_0.13, 6;
    %load/vec4 v0x600003018000_0;
    %assign/vec4 v0x600003018000_0, 0;
    %jmp T_0.15;
T_0.8 ;
    %load/vec4 v0x600003018000_0;
    %load/vec4 v0x600003018120_0;
    %add;
    %assign/vec4 v0x600003018000_0, 0;
    %jmp T_0.15;
T_0.9 ;
    %load/vec4 v0x600003018000_0;
    %load/vec4 v0x600003018120_0;
    %add;
    %assign/vec4 v0x600003018000_0, 0;
    %jmp T_0.15;
T_0.10 ;
    %load/vec4 v0x600003018000_0;
    %load/vec4 v0x6000030181b0_0;
    %add;
    %assign/vec4 v0x600003018000_0, 0;
    %jmp T_0.15;
T_0.11 ;
    %load/vec4 v0x600003018000_0;
    %load/vec4 v0x600003018120_0;
    %sub;
    %assign/vec4 v0x600003018000_0, 0;
    %jmp T_0.15;
T_0.12 ;
    %load/vec4 v0x600003018000_0;
    %load/vec4 v0x600003018120_0;
    %sub;
    %assign/vec4 v0x600003018000_0, 0;
    %jmp T_0.15;
T_0.13 ;
    %load/vec4 v0x600003018000_0;
    %load/vec4 v0x6000030181b0_0;
    %sub;
    %assign/vec4 v0x600003018000_0, 0;
    %jmp T_0.15;
T_0.15 ;
    %pop/vec4 1;
    %load/vec4 v0x600003018000_0;
    %load/vec4 v0x6000030182d0_0;
    %concat/vec4; draw_concat_vec4
    %load/vec4 v0x6000030183f0_0;
    %concat/vec4; draw_concat_vec4
    %ix/load 4, 2, 0;
    %flag_set/imm 4, 0;
    %shiftr/s 4;
    %split/vec4 1;
    %assign/vec4 v0x6000030183f0_0, 0;
    %split/vec4 8;
    %assign/vec4 v0x6000030182d0_0, 0;
    %assign/vec4 v0x600003018000_0, 0;
    %load/vec4 v0x6000030186c0_0;
    %subi 1, 0, 3;
    %assign/vec4 v0x6000030186c0_0, 0;
    %load/vec4 v0x6000030186c0_0;
    %pad/u 32;
    %cmpi/e 1, 0, 32;
    %jmp/0xz  T_0.16, 4;
    %pushi/vec4 2, 0, 2;
    %assign/vec4 v0x600003018900_0, 0;
T_0.16 ;
    %jmp T_0.5;
T_0.4 ;
    %load/vec4 v0x600003018000_0;
    %parti/s 8, 0, 2;
    %load/vec4 v0x6000030182d0_0;
    %concat/vec4; draw_concat_vec4
    %assign/vec4 v0x600003018240_0, 0;
    %pushi/vec4 1, 0, 1;
    %assign/vec4 v0x600003018750_0, 0;
    %load/vec4 v0x600003018870_0;
    %nor/r;
    %flag_set/vec4 8;
    %jmp/0xz  T_0.18, 8;
    %pushi/vec4 0, 0, 2;
    %assign/vec4 v0x600003018900_0, 0;
T_0.18 ;
    %jmp T_0.5;
T_0.5 ;
    %pop/vec4 1;
T_0.1 ;
    %jmp T_0;
    .thread T_0;
    .scope S_0x146904080;
T_1 ;
    %pushi/vec4 0, 0, 1;
    %store/vec4 v0x600003018b40_0, 0, 1;
    %end;
    .thread T_1;
    .scope S_0x146904080;
T_2 ;
    %delay 5000, 0;
    %load/vec4 v0x600003018b40_0;
    %inv;
    %store/vec4 v0x600003018b40_0, 0, 1;
    %jmp T_2;
    .thread T_2;
    .scope S_0x146904080;
T_3 ;
    %pushi/vec4 7, 0, 8;
    %ix/load 4, 0, 0;
    %flag_set/imm 4, 0;
    %store/vec4a v0x600003018e10, 4, 0;
    %pushi/vec4 3, 0, 8;
    %ix/load 4, 0, 0;
    %flag_set/imm 4, 0;
    %store/vec4a v0x600003018ea0, 4, 0;
    %pushi/vec4 251, 0, 8;
    %ix/load 4, 1, 0;
    %flag_set/imm 4, 0;
    %store/vec4a v0x600003018e10, 4, 0;
    %pushi/vec4 4, 0, 8;
    %ix/load 4, 1, 0;
    %flag_set/imm 4, 0;
    %store/vec4a v0x600003018ea0, 4, 0;
    %pushi/vec4 10, 0, 8;
    %ix/load 4, 2, 0;
    %flag_set/imm 4, 0;
    %store/vec4a v0x600003018e10, 4, 0;
    %pushi/vec4 254, 0, 8;
    %ix/load 4, 2, 0;
    %flag_set/imm 4, 0;
    %store/vec4a v0x600003018ea0, 4, 0;
    %pushi/vec4 249, 0, 8;
    %ix/load 4, 3, 0;
    %flag_set/imm 4, 0;
    %store/vec4a v0x600003018e10, 4, 0;
    %pushi/vec4 249, 0, 8;
    %ix/load 4, 3, 0;
    %flag_set/imm 4, 0;
    %store/vec4a v0x600003018ea0, 4, 0;
    %pushi/vec4 15, 0, 8;
    %ix/load 4, 4, 0;
    %flag_set/imm 4, 0;
    %store/vec4a v0x600003018e10, 4, 0;
    %pushi/vec4 15, 0, 8;
    %ix/load 4, 4, 0;
    %flag_set/imm 4, 0;
    %store/vec4a v0x600003018ea0, 4, 0;
    %pushi/vec4 0, 0, 1;
    %store/vec4 v0x600003018cf0_0, 0, 1;
    %pushi/vec4 0, 0, 1;
    %store/vec4 v0x600003018d80_0, 0, 1;
    %pushi/vec4 0, 0, 8;
    %store/vec4 v0x600003018990_0, 0, 8;
    %pushi/vec4 0, 0, 8;
    %store/vec4 v0x600003018ab0_0, 0, 8;
    %delay 20000, 0;
    %pushi/vec4 1, 0, 1;
    %store/vec4 v0x600003018cf0_0, 0, 1;
    %delay 10000, 0;
    %pushi/vec4 0, 0, 32;
    %store/vec4 v0x600003018bd0_0, 0, 32;
T_3.0 ;
    %load/vec4 v0x600003018bd0_0;
    %cmpi/s 5, 0, 32;
    %jmp/0xz T_3.1, 5;
    %ix/getv/s 4, v0x600003018bd0_0;
    %load/vec4a v0x600003018e10, 4;
    %store/vec4 v0x600003018990_0, 0, 8;
    %ix/getv/s 4, v0x600003018bd0_0;
    %load/vec4a v0x600003018ea0, 4;
    %store/vec4 v0x600003018ab0_0, 0, 8;
    %wait E_0x60000171c1c0;
    %pushi/vec4 1, 0, 1;
    %assign/vec4 v0x600003018d80_0, 0;
    %wait E_0x60000171c1c0;
    %pushi/vec4 0, 0, 1;
    %assign/vec4 v0x600003018d80_0, 0;
T_3.2 ;
    %load/vec4 v0x600003018c60_0;
    %cmpi/ne 1, 0, 1;
    %jmp/0xz T_3.3, 6;
    %wait E_0x60000171c180;
    %jmp T_3.2;
T_3.3 ;
    %delay 1000, 0;
    %load/vec4 v0x600003018990_0;
    %load/vec4 v0x600003018ab0_0;
    %mul;
    %vpi_call 2 75 "$display", "Test %0d: M=%0d, Q=%0d => P=%0d (expected %0d)", v0x600003018bd0_0, v0x600003018990_0, v0x600003018ab0_0, v0x600003018a20_0, S<0,vec4,s8> {1 0 0};
    %load/vec4 v0x600003018a20_0;
    %load/vec4 v0x600003018990_0;
    %pad/s 16;
    %load/vec4 v0x600003018ab0_0;
    %pad/s 16;
    %mul;
    %cmp/ne;
    %jmp/0xz  T_3.4, 6;
    %load/vec4 v0x600003018990_0;
    %load/vec4 v0x600003018ab0_0;
    %mul;
    %vpi_call 2 77 "$error", "  \342\235\214 M*Q mismatch: got %0d, expected %0d", v0x600003018a20_0, S<0,vec4,s8> {1 0 0};
T_3.4 ;
T_3.6 ;
    %load/vec4 v0x600003018c60_0;
    %nor/r;
    %cmpi/ne 1, 0, 1;
    %jmp/0xz T_3.7, 6;
    %wait E_0x60000171c180;
    %jmp T_3.6;
T_3.7 ;
    %delay 1000, 0;
    %load/vec4 v0x600003018bd0_0;
    %addi 1, 0, 32;
    %store/vec4 v0x600003018bd0_0, 0, 32;
    %jmp T_3.0;
T_3.1 ;
    %vpi_call 2 85 "$display", "All tests completed." {0 0 0};
    %vpi_call 2 86 "$finish" {0 0 0};
    %end;
    .thread T_3;
# The file index is used to find the file name in the following table.
:file_names 4;
    "N/A";
    "<interactive>";
    "tb_booth_radix4.v";
    "booth_radix4.v";
